Determining if the pthread_create exist failed with the following output:
Change Dir: /home/donguk/ros_workspace/gbplanner_ws/build/path_follow/CMakeFiles/CMakeTmp

Run Build Command:"/usr/bin/make" "cmTC_afbaf/fast"
/usr/bin/make -f CMakeFiles/cmTC_afbaf.dir/build.make CMakeFiles/cmTC_afbaf.dir/build
make[1]: Entering directory '/home/donguk/ros_workspace/gbplanner_ws/build/path_follow/CMakeFiles/CMakeTmp'
Building C object CMakeFiles/cmTC_afbaf.dir/CheckSymbolExists.c.o
/usr/bin/cc    -o CMakeFiles/cmTC_afbaf.dir/CheckSymbolExists.c.o   -c /home/donguk/ros_workspace/gbplanner_ws/build/path_follow/CMakeFiles/CMakeTmp/CheckSymbolExists.c
Linking C executable cmTC_afbaf
/usr/bin/cmake -E cmake_link_script CMakeFiles/cmTC_afbaf.dir/link.txt --verbose=1
/usr/bin/cc      -rdynamic CMakeFiles/cmTC_afbaf.dir/CheckSymbolExists.c.o  -o cmTC_afbaf 
CMakeFiles/cmTC_afbaf.dir/CheckSymbolExists.c.o: In function `main':
CheckSymbolExists.c:(.text+0x1b): undefined reference to `pthread_create'
collect2: error: ld returned 1 exit status
CMakeFiles/cmTC_afbaf.dir/build.make:97: recipe for target 'cmTC_afbaf' failed
make[1]: *** [cmTC_afbaf] Error 1
make[1]: Leaving directory '/home/donguk/ros_workspace/gbplanner_ws/build/path_follow/CMakeFiles/CMakeTmp'
Makefile:126: recipe for target 'cmTC_afbaf/fast' failed
make: *** [cmTC_afbaf/fast] Error 2

File /home/donguk/ros_workspace/gbplanner_ws/build/path_follow/CMakeFiles/CMakeTmp/CheckSymbolExists.c:
/* */
#include <pthread.h>

int main(int argc, char** argv)
{
  (void)argv;
#ifndef pthread_create
  return ((int*)(&pthread_create))[argc];
#else
  (void)argc;
  return 0;
#endif
}

Determining if the function pthread_create exists in the pthreads failed with the following output:
Change Dir: /home/donguk/ros_workspace/gbplanner_ws/build/path_follow/CMakeFiles/CMakeTmp

Run Build Command:"/usr/bin/make" "cmTC_28fac/fast"
/usr/bin/make -f CMakeFiles/cmTC_28fac.dir/build.make CMakeFiles/cmTC_28fac.dir/build
make[1]: Entering directory '/home/donguk/ros_workspace/gbplanner_ws/build/path_follow/CMakeFiles/CMakeTmp'
Building C object CMakeFiles/cmTC_28fac.dir/CheckFunctionExists.c.o
/usr/bin/cc   -DCHECK_FUNCTION_EXISTS=pthread_create   -o CMakeFiles/cmTC_28fac.dir/CheckFunctionExists.c.o   -c /usr/share/cmake-3.10/Modules/CheckFunctionExists.c
Linking C executable cmTC_28fac
/usr/bin/cmake -E cmake_link_script CMakeFiles/cmTC_28fac.dir/link.txt --verbose=1
/usr/bin/cc  -DCHECK_FUNCTION_EXISTS=pthread_create    -rdynamic CMakeFiles/cmTC_28fac.dir/CheckFunctionExists.c.o  -o cmTC_28fac -lpthreads 
/usr/bin/ld: cannot find -lpthreads
collect2: error: ld returned 1 exit status
CMakeFiles/cmTC_28fac.dir/build.make:97: recipe for target 'cmTC_28fac' failed
make[1]: *** [cmTC_28fac] Error 1
make[1]: Leaving directory '/home/donguk/ros_workspace/gbplanner_ws/build/path_follow/CMakeFiles/CMakeTmp'
Makefile:126: recipe for target 'cmTC_28fac/fast' failed
make: *** [cmTC_28fac/fast] Error 2


