[01m[K/home/donguk/ros_workspace/gbplanner_ws/src/pci_mav/src/pci_mav.cpp:[m[K In member function ‘[01m[Kvirtual bool explorer::PCIMAV::initMotion()[m[K’:
[01m[K/home/donguk/ros_workspace/gbplanner_ws/src/pci_mav/src/pci_mav.cpp:129:35:[m[K [01;31m[Kerror: [m[K‘[01m[Kendl[m[K’ was not declared in this scope
   std::cout << "path_new.size" << [01;31m[Kendl[m[K;
                                   [01;31m[K^~~~[m[K
[01m[K/home/donguk/ros_workspace/gbplanner_ws/src/pci_mav/src/pci_mav.cpp:129:35:[m[K [01;36m[Knote: [m[Ksuggested alternative:
In file included from [01m[K/usr/include/c++/7/iostream:39:0[m[K,
                 from [01m[K/opt/ros/melodic/include/ros/time.h:54[m[K,
                 from [01m[K/opt/ros/melodic/include/ros/serialization.h:34[m[K,
                 from [01m[K/home/donguk/ros_workspace/gbplanner_ws/devel/.private/mav_msgs/include/mav_msgs/Status.h:14[m[K,
                 from [01m[K/home/donguk/ros_workspace/gbplanner_ws/src/pci_mav/include/pci_mav/pci_mav.h:5[m[K,
                 from [01m[K/home/donguk/ros_workspace/gbplanner_ws/src/pci_mav/src/pci_mav.cpp:1[m[K:
[01m[K/usr/include/c++/7/ostream:590:5:[m[K [01;36m[Knote: [m[K  ‘[01m[Kstd::endl[m[K’
     [01;36m[Kendl[m[K(basic_ostream<_CharT, _Traits>& __os)
     [01;36m[K^~~~[m[K
[01m[K/home/donguk/ros_workspace/gbplanner_ws/src/pci_mav/src/pci_mav.cpp:130:13:[m[K [01;31m[Kerror: [m[Kinvalid use of non-static member function ‘[01m[Kstd::vector<_Tp, _Alloc>::size_type std::vector<_Tp, _Alloc>::size() const [with _Tp = geometry_msgs::Pose_<std::allocator<void> >; _Alloc = std::allocator<geometry_msgs::Pose_<std::allocator<void> > >; std::vector<_Tp, _Alloc>::size_type = long unsigned int][m[K’
   [01;31m[Kstd::cout << path_new.size[m[K << endl;
   [01;31m[K~~~~~~~~~~^~~~~~~~~~~~~~~~[m[K
In file included from [01m[K/usr/include/c++/7/vector:64:0[m[K,
                 from [01m[K/home/donguk/ros_workspace/gbplanner_ws/devel/.private/mav_msgs/include/mav_msgs/Status.h:10[m[K,
                 from [01m[K/home/donguk/ros_workspace/gbplanner_ws/src/pci_mav/include/pci_mav/pci_mav.h:5[m[K,
                 from [01m[K/home/donguk/ros_workspace/gbplanner_ws/src/pci_mav/src/pci_mav.cpp:1[m[K:
[01m[K/usr/include/c++/7/bits/stl_vector.h:670:7:[m[K [01;36m[Knote: [m[Kdeclared here
       [01;36m[Ksize[m[K() const _GLIBCXX_NOEXCEPT
       [01;36m[K^~~~[m[K
make[2]: *** [CMakeFiles/pci_mav.dir/src/pci_mav.cpp.o] Error 1
make[1]: *** [CMakeFiles/pci_mav.dir/all] Error 2
make: *** [all] Error 2
