Determining if the pthread_create exist failed with the following output:
Change Dir: /home/donguk/ros_workspace/gbplanner_ws/build/mavros_extras/CMakeFiles/CMakeTmp

Run Build Command:"/usr/bin/make" "cmTC_c47ec/fast"
/usr/bin/make -f CMakeFiles/cmTC_c47ec.dir/build.make CMakeFiles/cmTC_c47ec.dir/build
make[1]: Entering directory '/home/donguk/ros_workspace/gbplanner_ws/build/mavros_extras/CMakeFiles/CMakeTmp'
Building C object CMakeFiles/cmTC_c47ec.dir/CheckSymbolExists.c.o
/usr/bin/cc    -o CMakeFiles/cmTC_c47ec.dir/CheckSymbolExists.c.o   -c /home/donguk/ros_workspace/gbplanner_ws/build/mavros_extras/CMakeFiles/CMakeTmp/CheckSymbolExists.c
Linking C executable cmTC_c47ec
/usr/bin/cmake -E cmake_link_script CMakeFiles/cmTC_c47ec.dir/link.txt --verbose=1
/usr/bin/cc      -rdynamic CMakeFiles/cmTC_c47ec.dir/CheckSymbolExists.c.o  -o cmTC_c47ec 
CMakeFiles/cmTC_c47ec.dir/CheckSymbolExists.c.o: In function `main':
CheckSymbolExists.c:(.text+0x1b): undefined reference to `pthread_create'
collect2: error: ld returned 1 exit status
CMakeFiles/cmTC_c47ec.dir/build.make:97: recipe for target 'cmTC_c47ec' failed
make[1]: *** [cmTC_c47ec] Error 1
make[1]: Leaving directory '/home/donguk/ros_workspace/gbplanner_ws/build/mavros_extras/CMakeFiles/CMakeTmp'
Makefile:126: recipe for target 'cmTC_c47ec/fast' failed
make: *** [cmTC_c47ec/fast] Error 2

File /home/donguk/ros_workspace/gbplanner_ws/build/mavros_extras/CMakeFiles/CMakeTmp/CheckSymbolExists.c:
/* */
#include <pthread.h>

int main(int argc, char** argv)
{
  (void)argv;
#ifndef pthread_create
  return ((int*)(&pthread_create))[argc];
#else
  (void)argc;
  return 0;
#endif
}

Determining if the function pthread_create exists in the pthreads failed with the following output:
Change Dir: /home/donguk/ros_workspace/gbplanner_ws/build/mavros_extras/CMakeFiles/CMakeTmp

Run Build Command:"/usr/bin/make" "cmTC_cbbfb/fast"
/usr/bin/make -f CMakeFiles/cmTC_cbbfb.dir/build.make CMakeFiles/cmTC_cbbfb.dir/build
make[1]: Entering directory '/home/donguk/ros_workspace/gbplanner_ws/build/mavros_extras/CMakeFiles/CMakeTmp'
Building C object CMakeFiles/cmTC_cbbfb.dir/CheckFunctionExists.c.o
/usr/bin/cc   -DCHECK_FUNCTION_EXISTS=pthread_create   -o CMakeFiles/cmTC_cbbfb.dir/CheckFunctionExists.c.o   -c /usr/share/cmake-3.10/Modules/CheckFunctionExists.c
Linking C executable cmTC_cbbfb
/usr/bin/cmake -E cmake_link_script CMakeFiles/cmTC_cbbfb.dir/link.txt --verbose=1
/usr/bin/cc  -DCHECK_FUNCTION_EXISTS=pthread_create    -rdynamic CMakeFiles/cmTC_cbbfb.dir/CheckFunctionExists.c.o  -o cmTC_cbbfb -lpthreads 
/usr/bin/ld: cannot find -lpthreads
collect2: error: ld returned 1 exit status
CMakeFiles/cmTC_cbbfb.dir/build.make:97: recipe for target 'cmTC_cbbfb' failed
make[1]: *** [cmTC_cbbfb] Error 1
make[1]: Leaving directory '/home/donguk/ros_workspace/gbplanner_ws/build/mavros_extras/CMakeFiles/CMakeTmp'
Makefile:126: recipe for target 'cmTC_cbbfb/fast' failed
make: *** [cmTC_cbbfb/fast] Error 2


