Determining if the pthread_create exist failed with the following output:
Change Dir: /home/donguk/ros_workspace/gbplanner_ws/build/eigen_checks/CMakeFiles/CMakeTmp

Run Build Command:"/usr/bin/make" "cmTC_69207/fast"
/usr/bin/make -f CMakeFiles/cmTC_69207.dir/build.make CMakeFiles/cmTC_69207.dir/build
make[1]: Entering directory '/home/donguk/ros_workspace/gbplanner_ws/build/eigen_checks/CMakeFiles/CMakeTmp'
Building C object CMakeFiles/cmTC_69207.dir/CheckSymbolExists.c.o
/usr/bin/cc    -o CMakeFiles/cmTC_69207.dir/CheckSymbolExists.c.o   -c /home/donguk/ros_workspace/gbplanner_ws/build/eigen_checks/CMakeFiles/CMakeTmp/CheckSymbolExists.c
Linking C executable cmTC_69207
/usr/bin/cmake -E cmake_link_script CMakeFiles/cmTC_69207.dir/link.txt --verbose=1
/usr/bin/cc      -rdynamic CMakeFiles/cmTC_69207.dir/CheckSymbolExists.c.o  -o cmTC_69207 
CMakeFiles/cmTC_69207.dir/CheckSymbolExists.c.o: In function `main':
CheckSymbolExists.c:(.text+0x1b): undefined reference to `pthread_create'
collect2: error: ld returned 1 exit status
CMakeFiles/cmTC_69207.dir/build.make:97: recipe for target 'cmTC_69207' failed
make[1]: *** [cmTC_69207] Error 1
make[1]: Leaving directory '/home/donguk/ros_workspace/gbplanner_ws/build/eigen_checks/CMakeFiles/CMakeTmp'
Makefile:126: recipe for target 'cmTC_69207/fast' failed
make: *** [cmTC_69207/fast] Error 2

File /home/donguk/ros_workspace/gbplanner_ws/build/eigen_checks/CMakeFiles/CMakeTmp/CheckSymbolExists.c:
/* */
#include <pthread.h>

int main(int argc, char** argv)
{
  (void)argv;
#ifndef pthread_create
  return ((int*)(&pthread_create))[argc];
#else
  (void)argc;
  return 0;
#endif
}

Determining if the function pthread_create exists in the pthreads failed with the following output:
Change Dir: /home/donguk/ros_workspace/gbplanner_ws/build/eigen_checks/CMakeFiles/CMakeTmp

Run Build Command:"/usr/bin/make" "cmTC_fbca7/fast"
/usr/bin/make -f CMakeFiles/cmTC_fbca7.dir/build.make CMakeFiles/cmTC_fbca7.dir/build
make[1]: Entering directory '/home/donguk/ros_workspace/gbplanner_ws/build/eigen_checks/CMakeFiles/CMakeTmp'
Building C object CMakeFiles/cmTC_fbca7.dir/CheckFunctionExists.c.o
/usr/bin/cc   -DCHECK_FUNCTION_EXISTS=pthread_create   -o CMakeFiles/cmTC_fbca7.dir/CheckFunctionExists.c.o   -c /usr/share/cmake-3.10/Modules/CheckFunctionExists.c
Linking C executable cmTC_fbca7
/usr/bin/cmake -E cmake_link_script CMakeFiles/cmTC_fbca7.dir/link.txt --verbose=1
/usr/bin/cc  -DCHECK_FUNCTION_EXISTS=pthread_create    -rdynamic CMakeFiles/cmTC_fbca7.dir/CheckFunctionExists.c.o  -o cmTC_fbca7 -lpthreads 
/usr/bin/ld: cannot find -lpthreads
collect2: error: ld returned 1 exit status
CMakeFiles/cmTC_fbca7.dir/build.make:97: recipe for target 'cmTC_fbca7' failed
make[1]: *** [cmTC_fbca7] Error 1
make[1]: Leaving directory '/home/donguk/ros_workspace/gbplanner_ws/build/eigen_checks/CMakeFiles/CMakeTmp'
Makefile:126: recipe for target 'cmTC_fbca7/fast' failed
make: *** [cmTC_fbca7/fast] Error 2


