Determining if the pthread_create exist failed with the following output:
Change Dir: /home/donguk/ros_workspace/gbplanner_ws/build/rotors_comm/CMakeFiles/CMakeTmp

Run Build Command:"/usr/bin/make" "cmTC_59bbe/fast"
/usr/bin/make -f CMakeFiles/cmTC_59bbe.dir/build.make CMakeFiles/cmTC_59bbe.dir/build
make[1]: Entering directory '/home/donguk/ros_workspace/gbplanner_ws/build/rotors_comm/CMakeFiles/CMakeTmp'
Building C object CMakeFiles/cmTC_59bbe.dir/CheckSymbolExists.c.o
/usr/bin/cc    -o CMakeFiles/cmTC_59bbe.dir/CheckSymbolExists.c.o   -c /home/donguk/ros_workspace/gbplanner_ws/build/rotors_comm/CMakeFiles/CMakeTmp/CheckSymbolExists.c
Linking C executable cmTC_59bbe
/usr/bin/cmake -E cmake_link_script CMakeFiles/cmTC_59bbe.dir/link.txt --verbose=1
/usr/bin/cc      -rdynamic CMakeFiles/cmTC_59bbe.dir/CheckSymbolExists.c.o  -o cmTC_59bbe 
CMakeFiles/cmTC_59bbe.dir/CheckSymbolExists.c.o: In function `main':
CheckSymbolExists.c:(.text+0x1b): undefined reference to `pthread_create'
collect2: error: ld returned 1 exit status
CMakeFiles/cmTC_59bbe.dir/build.make:97: recipe for target 'cmTC_59bbe' failed
make[1]: *** [cmTC_59bbe] Error 1
make[1]: Leaving directory '/home/donguk/ros_workspace/gbplanner_ws/build/rotors_comm/CMakeFiles/CMakeTmp'
Makefile:126: recipe for target 'cmTC_59bbe/fast' failed
make: *** [cmTC_59bbe/fast] Error 2

File /home/donguk/ros_workspace/gbplanner_ws/build/rotors_comm/CMakeFiles/CMakeTmp/CheckSymbolExists.c:
/* */
#include <pthread.h>

int main(int argc, char** argv)
{
  (void)argv;
#ifndef pthread_create
  return ((int*)(&pthread_create))[argc];
#else
  (void)argc;
  return 0;
#endif
}

Determining if the function pthread_create exists in the pthreads failed with the following output:
Change Dir: /home/donguk/ros_workspace/gbplanner_ws/build/rotors_comm/CMakeFiles/CMakeTmp

Run Build Command:"/usr/bin/make" "cmTC_3860b/fast"
/usr/bin/make -f CMakeFiles/cmTC_3860b.dir/build.make CMakeFiles/cmTC_3860b.dir/build
make[1]: Entering directory '/home/donguk/ros_workspace/gbplanner_ws/build/rotors_comm/CMakeFiles/CMakeTmp'
Building C object CMakeFiles/cmTC_3860b.dir/CheckFunctionExists.c.o
/usr/bin/cc   -DCHECK_FUNCTION_EXISTS=pthread_create   -o CMakeFiles/cmTC_3860b.dir/CheckFunctionExists.c.o   -c /usr/share/cmake-3.10/Modules/CheckFunctionExists.c
Linking C executable cmTC_3860b
/usr/bin/cmake -E cmake_link_script CMakeFiles/cmTC_3860b.dir/link.txt --verbose=1
/usr/bin/cc  -DCHECK_FUNCTION_EXISTS=pthread_create    -rdynamic CMakeFiles/cmTC_3860b.dir/CheckFunctionExists.c.o  -o cmTC_3860b -lpthreads 
/usr/bin/ld: cannot find -lpthreads
collect2: error: ld returned 1 exit status
CMakeFiles/cmTC_3860b.dir/build.make:97: recipe for target 'cmTC_3860b' failed
make[1]: *** [cmTC_3860b] Error 1
make[1]: Leaving directory '/home/donguk/ros_workspace/gbplanner_ws/build/rotors_comm/CMakeFiles/CMakeTmp'
Makefile:126: recipe for target 'cmTC_3860b/fast' failed
make: *** [cmTC_3860b/fast] Error 2


