Symlinking /home/donguk/ros_workspace/gbplanner_ws/devel/include/volumetric_msgs/GetChangedPointsResponse.h
Symlinking /home/donguk/ros_workspace/gbplanner_ws/devel/include/volumetric_msgs/GetChangedPointsRequest.h
Symlinking /home/donguk/ros_workspace/gbplanner_ws/devel/include/volumetric_msgs/SetBoxOccupancyResponse.h
Symlinking /home/donguk/ros_workspace/gbplanner_ws/devel/include/volumetric_msgs/LoadMap.h
Symlinking /home/donguk/ros_workspace/gbplanner_ws/devel/include/volumetric_msgs/LoadMapResponse.h
Symlinking /home/donguk/ros_workspace/gbplanner_ws/devel/include/volumetric_msgs/LoadMapRequest.h
Symlinking /home/donguk/ros_workspace/gbplanner_ws/devel/include/volumetric_msgs/GetChangedPoints.h
Symlinking /home/donguk/ros_workspace/gbplanner_ws/devel/include/volumetric_msgs/SetBoxOccupancy.h
Symlinking /home/donguk/ros_workspace/gbplanner_ws/devel/include/volumetric_msgs/SaveMap.h
Symlinking /home/donguk/ros_workspace/gbplanner_ws/devel/include/volumetric_msgs/SaveMapResponse.h
Symlinking /home/donguk/ros_workspace/gbplanner_ws/devel/include/volumetric_msgs/SaveMapRequest.h
Symlinking /home/donguk/ros_workspace/gbplanner_ws/devel/include/volumetric_msgs/SetBoxOccupancyRequest.h
Symlinking /home/donguk/ros_workspace/gbplanner_ws/devel/include/volumetric_msgs/SetDisplayBoundsRequest.h
Symlinking /home/donguk/ros_workspace/gbplanner_ws/devel/include/volumetric_msgs/SetDisplayBoundsResponse.h
Symlinking /home/donguk/ros_workspace/gbplanner_ws/devel/include/volumetric_msgs/SetDisplayBounds.h
Symlinking /home/donguk/ros_workspace/gbplanner_ws/devel/lib/python2.7/dist-packages/volumetric_msgs/__init__.py
Symlinking /home/donguk/ros_workspace/gbplanner_ws/devel/lib/python2.7/dist-packages/volumetric_msgs/srv/_SaveMap.py
Symlinking /home/donguk/ros_workspace/gbplanner_ws/devel/lib/python2.7/dist-packages/volumetric_msgs/srv/__init__.py
Symlinking /home/donguk/ros_workspace/gbplanner_ws/devel/lib/python2.7/dist-packages/volumetric_msgs/srv/_GetChangedPoints.py
Symlinking /home/donguk/ros_workspace/gbplanner_ws/devel/lib/python2.7/dist-packages/volumetric_msgs/srv/_SetDisplayBounds.py
Symlinking /home/donguk/ros_workspace/gbplanner_ws/devel/lib/python2.7/dist-packages/volumetric_msgs/srv/_SetBoxOccupancy.py
Symlinking /home/donguk/ros_workspace/gbplanner_ws/devel/lib/python2.7/dist-packages/volumetric_msgs/srv/_LoadMap.py
Symlinking /home/donguk/ros_workspace/gbplanner_ws/devel/lib/pkgconfig/volumetric_msgs.pc
Symlinking /home/donguk/ros_workspace/gbplanner_ws/devel/share/gennodejs/ros/volumetric_msgs/_index.js
Symlinking /home/donguk/ros_workspace/gbplanner_ws/devel/share/gennodejs/ros/volumetric_msgs/srv/SetBoxOccupancy.js
Symlinking /home/donguk/ros_workspace/gbplanner_ws/devel/share/gennodejs/ros/volumetric_msgs/srv/SaveMap.js
Symlinking /home/donguk/ros_workspace/gbplanner_ws/devel/share/gennodejs/ros/volumetric_msgs/srv/_index.js
Symlinking /home/donguk/ros_workspace/gbplanner_ws/devel/share/gennodejs/ros/volumetric_msgs/srv/LoadMap.js
Symlinking /home/donguk/ros_workspace/gbplanner_ws/devel/share/gennodejs/ros/volumetric_msgs/srv/GetChangedPoints.js
Symlinking /home/donguk/ros_workspace/gbplanner_ws/devel/share/gennodejs/ros/volumetric_msgs/srv/SetDisplayBounds.js
Symlinking /home/donguk/ros_workspace/gbplanner_ws/devel/share/volumetric_msgs/cmake/volumetric_msgs-msg-paths.cmake
Symlinking /home/donguk/ros_workspace/gbplanner_ws/devel/share/volumetric_msgs/cmake/volumetric_msgsConfig-version.cmake
Symlinking /home/donguk/ros_workspace/gbplanner_ws/devel/share/volumetric_msgs/cmake/volumetric_msgs-msg-extras.cmake
Symlinking /home/donguk/ros_workspace/gbplanner_ws/devel/share/volumetric_msgs/cmake/volumetric_msgsConfig.cmake
Symlinking /home/donguk/ros_workspace/gbplanner_ws/devel/share/roseus/ros/volumetric_msgs/manifest.l
Symlinking /home/donguk/ros_workspace/gbplanner_ws/devel/share/roseus/ros/volumetric_msgs/srv/LoadMap.l
Symlinking /home/donguk/ros_workspace/gbplanner_ws/devel/share/roseus/ros/volumetric_msgs/srv/SaveMap.l
Symlinking /home/donguk/ros_workspace/gbplanner_ws/devel/share/roseus/ros/volumetric_msgs/srv/SetDisplayBounds.l
Symlinking /home/donguk/ros_workspace/gbplanner_ws/devel/share/roseus/ros/volumetric_msgs/srv/SetBoxOccupancy.l
Symlinking /home/donguk/ros_workspace/gbplanner_ws/devel/share/roseus/ros/volumetric_msgs/srv/GetChangedPoints.l
Symlinking /home/donguk/ros_workspace/gbplanner_ws/devel/share/common-lisp/ros/volumetric_msgs/srv/_package_SetBoxOccupancy.lisp
Symlinking /home/donguk/ros_workspace/gbplanner_ws/devel/share/common-lisp/ros/volumetric_msgs/srv/_package_SaveMap.lisp
Symlinking /home/donguk/ros_workspace/gbplanner_ws/devel/share/common-lisp/ros/volumetric_msgs/srv/_package.lisp
Symlinking /home/donguk/ros_workspace/gbplanner_ws/devel/share/common-lisp/ros/volumetric_msgs/srv/GetChangedPoints.lisp
Symlinking /home/donguk/ros_workspace/gbplanner_ws/devel/share/common-lisp/ros/volumetric_msgs/srv/_package_SetDisplayBounds.lisp
Symlinking /home/donguk/ros_workspace/gbplanner_ws/devel/share/common-lisp/ros/volumetric_msgs/srv/LoadMap.lisp
Symlinking /home/donguk/ros_workspace/gbplanner_ws/devel/share/common-lisp/ros/volumetric_msgs/srv/SetBoxOccupancy.lisp
Symlinking /home/donguk/ros_workspace/gbplanner_ws/devel/share/common-lisp/ros/volumetric_msgs/srv/SetDisplayBounds.lisp
Symlinking /home/donguk/ros_workspace/gbplanner_ws/devel/share/common-lisp/ros/volumetric_msgs/srv/_package_GetChangedPoints.lisp
Symlinking /home/donguk/ros_workspace/gbplanner_ws/devel/share/common-lisp/ros/volumetric_msgs/srv/volumetric_msgs-srv.asd
Symlinking /home/donguk/ros_workspace/gbplanner_ws/devel/share/common-lisp/ros/volumetric_msgs/srv/_package_LoadMap.lisp
Symlinking /home/donguk/ros_workspace/gbplanner_ws/devel/share/common-lisp/ros/volumetric_msgs/srv/SaveMap.lisp
