Determining if the pthread_create exist failed with the following output:
Change Dir: /home/donguk/ros_workspace/gbplanner_ws/build/velodyne_description/CMakeFiles/CMakeTmp

Run Build Command:"/usr/bin/make" "cmTC_5f516/fast"
/usr/bin/make -f CMakeFiles/cmTC_5f516.dir/build.make CMakeFiles/cmTC_5f516.dir/build
make[1]: Entering directory '/home/donguk/ros_workspace/gbplanner_ws/build/velodyne_description/CMakeFiles/CMakeTmp'
Building C object CMakeFiles/cmTC_5f516.dir/CheckSymbolExists.c.o
/usr/bin/cc    -o CMakeFiles/cmTC_5f516.dir/CheckSymbolExists.c.o   -c /home/donguk/ros_workspace/gbplanner_ws/build/velodyne_description/CMakeFiles/CMakeTmp/CheckSymbolExists.c
Linking C executable cmTC_5f516
/usr/bin/cmake -E cmake_link_script CMakeFiles/cmTC_5f516.dir/link.txt --verbose=1
/usr/bin/cc      -rdynamic CMakeFiles/cmTC_5f516.dir/CheckSymbolExists.c.o  -o cmTC_5f516 
CMakeFiles/cmTC_5f516.dir/CheckSymbolExists.c.o: In function `main':
CheckSymbolExists.c:(.text+0x1b): undefined reference to `pthread_create'
collect2: error: ld returned 1 exit status
CMakeFiles/cmTC_5f516.dir/build.make:97: recipe for target 'cmTC_5f516' failed
make[1]: *** [cmTC_5f516] Error 1
make[1]: Leaving directory '/home/donguk/ros_workspace/gbplanner_ws/build/velodyne_description/CMakeFiles/CMakeTmp'
Makefile:126: recipe for target 'cmTC_5f516/fast' failed
make: *** [cmTC_5f516/fast] Error 2

File /home/donguk/ros_workspace/gbplanner_ws/build/velodyne_description/CMakeFiles/CMakeTmp/CheckSymbolExists.c:
/* */
#include <pthread.h>

int main(int argc, char** argv)
{
  (void)argv;
#ifndef pthread_create
  return ((int*)(&pthread_create))[argc];
#else
  (void)argc;
  return 0;
#endif
}

Determining if the function pthread_create exists in the pthreads failed with the following output:
Change Dir: /home/donguk/ros_workspace/gbplanner_ws/build/velodyne_description/CMakeFiles/CMakeTmp

Run Build Command:"/usr/bin/make" "cmTC_e39dc/fast"
/usr/bin/make -f CMakeFiles/cmTC_e39dc.dir/build.make CMakeFiles/cmTC_e39dc.dir/build
make[1]: Entering directory '/home/donguk/ros_workspace/gbplanner_ws/build/velodyne_description/CMakeFiles/CMakeTmp'
Building C object CMakeFiles/cmTC_e39dc.dir/CheckFunctionExists.c.o
/usr/bin/cc   -DCHECK_FUNCTION_EXISTS=pthread_create   -o CMakeFiles/cmTC_e39dc.dir/CheckFunctionExists.c.o   -c /usr/share/cmake-3.10/Modules/CheckFunctionExists.c
Linking C executable cmTC_e39dc
/usr/bin/cmake -E cmake_link_script CMakeFiles/cmTC_e39dc.dir/link.txt --verbose=1
/usr/bin/cc  -DCHECK_FUNCTION_EXISTS=pthread_create    -rdynamic CMakeFiles/cmTC_e39dc.dir/CheckFunctionExists.c.o  -o cmTC_e39dc -lpthreads 
/usr/bin/ld: cannot find -lpthreads
collect2: error: ld returned 1 exit status
CMakeFiles/cmTC_e39dc.dir/build.make:97: recipe for target 'cmTC_e39dc' failed
make[1]: *** [cmTC_e39dc] Error 1
make[1]: Leaving directory '/home/donguk/ros_workspace/gbplanner_ws/build/velodyne_description/CMakeFiles/CMakeTmp'
Makefile:126: recipe for target 'cmTC_e39dc/fast' failed
make: *** [cmTC_e39dc/fast] Error 2


