Linked: (/home/donguk/ros_workspace/gbplanner_ws/devel/.private/champ_msgs/include/champ_msgs/Joints.h, /home/donguk/ros_workspace/gbplanner_ws/devel/include/champ_msgs/Joints.h)
Linked: (/home/donguk/ros_workspace/gbplanner_ws/devel/.private/champ_msgs/include/champ_msgs/PID.h, /home/donguk/ros_workspace/gbplanner_ws/devel/include/champ_msgs/PID.h)
Linked: (/home/donguk/ros_workspace/gbplanner_ws/devel/.private/champ_msgs/include/champ_msgs/PointArray.h, /home/donguk/ros_workspace/gbplanner_ws/devel/include/champ_msgs/PointArray.h)
Linked: (/home/donguk/ros_workspace/gbplanner_ws/devel/.private/champ_msgs/include/champ_msgs/Contacts.h, /home/donguk/ros_workspace/gbplanner_ws/devel/include/champ_msgs/Contacts.h)
Linked: (/home/donguk/ros_workspace/gbplanner_ws/devel/.private/champ_msgs/include/champ_msgs/Point.h, /home/donguk/ros_workspace/gbplanner_ws/devel/include/champ_msgs/Point.h)
Linked: (/home/donguk/ros_workspace/gbplanner_ws/devel/.private/champ_msgs/include/champ_msgs/Velocities.h, /home/donguk/ros_workspace/gbplanner_ws/devel/include/champ_msgs/Velocities.h)
Linked: (/home/donguk/ros_workspace/gbplanner_ws/devel/.private/champ_msgs/include/champ_msgs/ContactsStamped.h, /home/donguk/ros_workspace/gbplanner_ws/devel/include/champ_msgs/ContactsStamped.h)
Linked: (/home/donguk/ros_workspace/gbplanner_ws/devel/.private/champ_msgs/include/champ_msgs/Pose.h, /home/donguk/ros_workspace/gbplanner_ws/devel/include/champ_msgs/Pose.h)
Linked: (/home/donguk/ros_workspace/gbplanner_ws/devel/.private/champ_msgs/include/champ_msgs/Imu.h, /home/donguk/ros_workspace/gbplanner_ws/devel/include/champ_msgs/Imu.h)
Linked: (/home/donguk/ros_workspace/gbplanner_ws/devel/.private/champ_msgs/lib/python2.7/dist-packages/champ_msgs/__init__.py, /home/donguk/ros_workspace/gbplanner_ws/devel/lib/python2.7/dist-packages/champ_msgs/__init__.py)
Linked: (/home/donguk/ros_workspace/gbplanner_ws/devel/.private/champ_msgs/lib/python2.7/dist-packages/champ_msgs/msg/__init__.py, /home/donguk/ros_workspace/gbplanner_ws/devel/lib/python2.7/dist-packages/champ_msgs/msg/__init__.py)
Linked: (/home/donguk/ros_workspace/gbplanner_ws/devel/.private/champ_msgs/lib/python2.7/dist-packages/champ_msgs/msg/_Point.py, /home/donguk/ros_workspace/gbplanner_ws/devel/lib/python2.7/dist-packages/champ_msgs/msg/_Point.py)
Linked: (/home/donguk/ros_workspace/gbplanner_ws/devel/.private/champ_msgs/lib/python2.7/dist-packages/champ_msgs/msg/_Contacts.py, /home/donguk/ros_workspace/gbplanner_ws/devel/lib/python2.7/dist-packages/champ_msgs/msg/_Contacts.py)
Linked: (/home/donguk/ros_workspace/gbplanner_ws/devel/.private/champ_msgs/lib/python2.7/dist-packages/champ_msgs/msg/_PointArray.py, /home/donguk/ros_workspace/gbplanner_ws/devel/lib/python2.7/dist-packages/champ_msgs/msg/_PointArray.py)
Linked: (/home/donguk/ros_workspace/gbplanner_ws/devel/.private/champ_msgs/lib/python2.7/dist-packages/champ_msgs/msg/_ContactsStamped.py, /home/donguk/ros_workspace/gbplanner_ws/devel/lib/python2.7/dist-packages/champ_msgs/msg/_ContactsStamped.py)
Linked: (/home/donguk/ros_workspace/gbplanner_ws/devel/.private/champ_msgs/lib/python2.7/dist-packages/champ_msgs/msg/_Pose.py, /home/donguk/ros_workspace/gbplanner_ws/devel/lib/python2.7/dist-packages/champ_msgs/msg/_Pose.py)
Linked: (/home/donguk/ros_workspace/gbplanner_ws/devel/.private/champ_msgs/lib/python2.7/dist-packages/champ_msgs/msg/_Imu.py, /home/donguk/ros_workspace/gbplanner_ws/devel/lib/python2.7/dist-packages/champ_msgs/msg/_Imu.py)
Linked: (/home/donguk/ros_workspace/gbplanner_ws/devel/.private/champ_msgs/lib/python2.7/dist-packages/champ_msgs/msg/_PID.py, /home/donguk/ros_workspace/gbplanner_ws/devel/lib/python2.7/dist-packages/champ_msgs/msg/_PID.py)
Linked: (/home/donguk/ros_workspace/gbplanner_ws/devel/.private/champ_msgs/lib/python2.7/dist-packages/champ_msgs/msg/_Joints.py, /home/donguk/ros_workspace/gbplanner_ws/devel/lib/python2.7/dist-packages/champ_msgs/msg/_Joints.py)
Linked: (/home/donguk/ros_workspace/gbplanner_ws/devel/.private/champ_msgs/lib/python2.7/dist-packages/champ_msgs/msg/_Velocities.py, /home/donguk/ros_workspace/gbplanner_ws/devel/lib/python2.7/dist-packages/champ_msgs/msg/_Velocities.py)
Linked: (/home/donguk/ros_workspace/gbplanner_ws/devel/.private/champ_msgs/lib/pkgconfig/champ_msgs.pc, /home/donguk/ros_workspace/gbplanner_ws/devel/lib/pkgconfig/champ_msgs.pc)
Linked: (/home/donguk/ros_workspace/gbplanner_ws/devel/.private/champ_msgs/share/gennodejs/ros/champ_msgs/_index.js, /home/donguk/ros_workspace/gbplanner_ws/devel/share/gennodejs/ros/champ_msgs/_index.js)
Linked: (/home/donguk/ros_workspace/gbplanner_ws/devel/.private/champ_msgs/share/gennodejs/ros/champ_msgs/msg/Contacts.js, /home/donguk/ros_workspace/gbplanner_ws/devel/share/gennodejs/ros/champ_msgs/msg/Contacts.js)
Linked: (/home/donguk/ros_workspace/gbplanner_ws/devel/.private/champ_msgs/share/gennodejs/ros/champ_msgs/msg/Velocities.js, /home/donguk/ros_workspace/gbplanner_ws/devel/share/gennodejs/ros/champ_msgs/msg/Velocities.js)
Linked: (/home/donguk/ros_workspace/gbplanner_ws/devel/.private/champ_msgs/share/gennodejs/ros/champ_msgs/msg/Point.js, /home/donguk/ros_workspace/gbplanner_ws/devel/share/gennodejs/ros/champ_msgs/msg/Point.js)
Linked: (/home/donguk/ros_workspace/gbplanner_ws/devel/.private/champ_msgs/share/gennodejs/ros/champ_msgs/msg/ContactsStamped.js, /home/donguk/ros_workspace/gbplanner_ws/devel/share/gennodejs/ros/champ_msgs/msg/ContactsStamped.js)
Linked: (/home/donguk/ros_workspace/gbplanner_ws/devel/.private/champ_msgs/share/gennodejs/ros/champ_msgs/msg/Pose.js, /home/donguk/ros_workspace/gbplanner_ws/devel/share/gennodejs/ros/champ_msgs/msg/Pose.js)
Linked: (/home/donguk/ros_workspace/gbplanner_ws/devel/.private/champ_msgs/share/gennodejs/ros/champ_msgs/msg/PID.js, /home/donguk/ros_workspace/gbplanner_ws/devel/share/gennodejs/ros/champ_msgs/msg/PID.js)
Linked: (/home/donguk/ros_workspace/gbplanner_ws/devel/.private/champ_msgs/share/gennodejs/ros/champ_msgs/msg/_index.js, /home/donguk/ros_workspace/gbplanner_ws/devel/share/gennodejs/ros/champ_msgs/msg/_index.js)
Linked: (/home/donguk/ros_workspace/gbplanner_ws/devel/.private/champ_msgs/share/gennodejs/ros/champ_msgs/msg/PointArray.js, /home/donguk/ros_workspace/gbplanner_ws/devel/share/gennodejs/ros/champ_msgs/msg/PointArray.js)
Linked: (/home/donguk/ros_workspace/gbplanner_ws/devel/.private/champ_msgs/share/gennodejs/ros/champ_msgs/msg/Imu.js, /home/donguk/ros_workspace/gbplanner_ws/devel/share/gennodejs/ros/champ_msgs/msg/Imu.js)
Linked: (/home/donguk/ros_workspace/gbplanner_ws/devel/.private/champ_msgs/share/gennodejs/ros/champ_msgs/msg/Joints.js, /home/donguk/ros_workspace/gbplanner_ws/devel/share/gennodejs/ros/champ_msgs/msg/Joints.js)
Linked: (/home/donguk/ros_workspace/gbplanner_ws/devel/.private/champ_msgs/share/champ_msgs/cmake/champ_msgs-msg-extras.cmake, /home/donguk/ros_workspace/gbplanner_ws/devel/share/champ_msgs/cmake/champ_msgs-msg-extras.cmake)
Linked: (/home/donguk/ros_workspace/gbplanner_ws/devel/.private/champ_msgs/share/champ_msgs/cmake/champ_msgsConfig.cmake, /home/donguk/ros_workspace/gbplanner_ws/devel/share/champ_msgs/cmake/champ_msgsConfig.cmake)
Linked: (/home/donguk/ros_workspace/gbplanner_ws/devel/.private/champ_msgs/share/champ_msgs/cmake/champ_msgsConfig-version.cmake, /home/donguk/ros_workspace/gbplanner_ws/devel/share/champ_msgs/cmake/champ_msgsConfig-version.cmake)
Linked: (/home/donguk/ros_workspace/gbplanner_ws/devel/.private/champ_msgs/share/champ_msgs/cmake/champ_msgs-msg-paths.cmake, /home/donguk/ros_workspace/gbplanner_ws/devel/share/champ_msgs/cmake/champ_msgs-msg-paths.cmake)
Linked: (/home/donguk/ros_workspace/gbplanner_ws/devel/.private/champ_msgs/share/roseus/ros/champ_msgs/manifest.l, /home/donguk/ros_workspace/gbplanner_ws/devel/share/roseus/ros/champ_msgs/manifest.l)
Linked: (/home/donguk/ros_workspace/gbplanner_ws/devel/.private/champ_msgs/share/roseus/ros/champ_msgs/msg/Pose.l, /home/donguk/ros_workspace/gbplanner_ws/devel/share/roseus/ros/champ_msgs/msg/Pose.l)
Linked: (/home/donguk/ros_workspace/gbplanner_ws/devel/.private/champ_msgs/share/roseus/ros/champ_msgs/msg/Point.l, /home/donguk/ros_workspace/gbplanner_ws/devel/share/roseus/ros/champ_msgs/msg/Point.l)
Linked: (/home/donguk/ros_workspace/gbplanner_ws/devel/.private/champ_msgs/share/roseus/ros/champ_msgs/msg/PID.l, /home/donguk/ros_workspace/gbplanner_ws/devel/share/roseus/ros/champ_msgs/msg/PID.l)
Linked: (/home/donguk/ros_workspace/gbplanner_ws/devel/.private/champ_msgs/share/roseus/ros/champ_msgs/msg/Contacts.l, /home/donguk/ros_workspace/gbplanner_ws/devel/share/roseus/ros/champ_msgs/msg/Contacts.l)
Linked: (/home/donguk/ros_workspace/gbplanner_ws/devel/.private/champ_msgs/share/roseus/ros/champ_msgs/msg/Joints.l, /home/donguk/ros_workspace/gbplanner_ws/devel/share/roseus/ros/champ_msgs/msg/Joints.l)
Linked: (/home/donguk/ros_workspace/gbplanner_ws/devel/.private/champ_msgs/share/roseus/ros/champ_msgs/msg/PointArray.l, /home/donguk/ros_workspace/gbplanner_ws/devel/share/roseus/ros/champ_msgs/msg/PointArray.l)
Linked: (/home/donguk/ros_workspace/gbplanner_ws/devel/.private/champ_msgs/share/roseus/ros/champ_msgs/msg/Imu.l, /home/donguk/ros_workspace/gbplanner_ws/devel/share/roseus/ros/champ_msgs/msg/Imu.l)
Linked: (/home/donguk/ros_workspace/gbplanner_ws/devel/.private/champ_msgs/share/roseus/ros/champ_msgs/msg/Velocities.l, /home/donguk/ros_workspace/gbplanner_ws/devel/share/roseus/ros/champ_msgs/msg/Velocities.l)
Linked: (/home/donguk/ros_workspace/gbplanner_ws/devel/.private/champ_msgs/share/roseus/ros/champ_msgs/msg/ContactsStamped.l, /home/donguk/ros_workspace/gbplanner_ws/devel/share/roseus/ros/champ_msgs/msg/ContactsStamped.l)
Linked: (/home/donguk/ros_workspace/gbplanner_ws/devel/.private/champ_msgs/share/common-lisp/ros/champ_msgs/msg/_package_Point.lisp, /home/donguk/ros_workspace/gbplanner_ws/devel/share/common-lisp/ros/champ_msgs/msg/_package_Point.lisp)
Linked: (/home/donguk/ros_workspace/gbplanner_ws/devel/.private/champ_msgs/share/common-lisp/ros/champ_msgs/msg/PID.lisp, /home/donguk/ros_workspace/gbplanner_ws/devel/share/common-lisp/ros/champ_msgs/msg/PID.lisp)
Linked: (/home/donguk/ros_workspace/gbplanner_ws/devel/.private/champ_msgs/share/common-lisp/ros/champ_msgs/msg/_package_ContactsStamped.lisp, /home/donguk/ros_workspace/gbplanner_ws/devel/share/common-lisp/ros/champ_msgs/msg/_package_ContactsStamped.lisp)
Linked: (/home/donguk/ros_workspace/gbplanner_ws/devel/.private/champ_msgs/share/common-lisp/ros/champ_msgs/msg/_package_Velocities.lisp, /home/donguk/ros_workspace/gbplanner_ws/devel/share/common-lisp/ros/champ_msgs/msg/_package_Velocities.lisp)
Linked: (/home/donguk/ros_workspace/gbplanner_ws/devel/.private/champ_msgs/share/common-lisp/ros/champ_msgs/msg/_package_PID.lisp, /home/donguk/ros_workspace/gbplanner_ws/devel/share/common-lisp/ros/champ_msgs/msg/_package_PID.lisp)
Linked: (/home/donguk/ros_workspace/gbplanner_ws/devel/.private/champ_msgs/share/common-lisp/ros/champ_msgs/msg/_package.lisp, /home/donguk/ros_workspace/gbplanner_ws/devel/share/common-lisp/ros/champ_msgs/msg/_package.lisp)
Linked: (/home/donguk/ros_workspace/gbplanner_ws/devel/.private/champ_msgs/share/common-lisp/ros/champ_msgs/msg/Contacts.lisp, /home/donguk/ros_workspace/gbplanner_ws/devel/share/common-lisp/ros/champ_msgs/msg/Contacts.lisp)
Linked: (/home/donguk/ros_workspace/gbplanner_ws/devel/.private/champ_msgs/share/common-lisp/ros/champ_msgs/msg/PointArray.lisp, /home/donguk/ros_workspace/gbplanner_ws/devel/share/common-lisp/ros/champ_msgs/msg/PointArray.lisp)
Linked: (/home/donguk/ros_workspace/gbplanner_ws/devel/.private/champ_msgs/share/common-lisp/ros/champ_msgs/msg/Velocities.lisp, /home/donguk/ros_workspace/gbplanner_ws/devel/share/common-lisp/ros/champ_msgs/msg/Velocities.lisp)
Linked: (/home/donguk/ros_workspace/gbplanner_ws/devel/.private/champ_msgs/share/common-lisp/ros/champ_msgs/msg/Joints.lisp, /home/donguk/ros_workspace/gbplanner_ws/devel/share/common-lisp/ros/champ_msgs/msg/Joints.lisp)
Linked: (/home/donguk/ros_workspace/gbplanner_ws/devel/.private/champ_msgs/share/common-lisp/ros/champ_msgs/msg/_package_Pose.lisp, /home/donguk/ros_workspace/gbplanner_ws/devel/share/common-lisp/ros/champ_msgs/msg/_package_Pose.lisp)
Linked: (/home/donguk/ros_workspace/gbplanner_ws/devel/.private/champ_msgs/share/common-lisp/ros/champ_msgs/msg/ContactsStamped.lisp, /home/donguk/ros_workspace/gbplanner_ws/devel/share/common-lisp/ros/champ_msgs/msg/ContactsStamped.lisp)
Linked: (/home/donguk/ros_workspace/gbplanner_ws/devel/.private/champ_msgs/share/common-lisp/ros/champ_msgs/msg/Imu.lisp, /home/donguk/ros_workspace/gbplanner_ws/devel/share/common-lisp/ros/champ_msgs/msg/Imu.lisp)
Linked: (/home/donguk/ros_workspace/gbplanner_ws/devel/.private/champ_msgs/share/common-lisp/ros/champ_msgs/msg/_package_Contacts.lisp, /home/donguk/ros_workspace/gbplanner_ws/devel/share/common-lisp/ros/champ_msgs/msg/_package_Contacts.lisp)
Linked: (/home/donguk/ros_workspace/gbplanner_ws/devel/.private/champ_msgs/share/common-lisp/ros/champ_msgs/msg/Point.lisp, /home/donguk/ros_workspace/gbplanner_ws/devel/share/common-lisp/ros/champ_msgs/msg/Point.lisp)
Linked: (/home/donguk/ros_workspace/gbplanner_ws/devel/.private/champ_msgs/share/common-lisp/ros/champ_msgs/msg/_package_Imu.lisp, /home/donguk/ros_workspace/gbplanner_ws/devel/share/common-lisp/ros/champ_msgs/msg/_package_Imu.lisp)
Linked: (/home/donguk/ros_workspace/gbplanner_ws/devel/.private/champ_msgs/share/common-lisp/ros/champ_msgs/msg/champ_msgs-msg.asd, /home/donguk/ros_workspace/gbplanner_ws/devel/share/common-lisp/ros/champ_msgs/msg/champ_msgs-msg.asd)
Linked: (/home/donguk/ros_workspace/gbplanner_ws/devel/.private/champ_msgs/share/common-lisp/ros/champ_msgs/msg/Pose.lisp, /home/donguk/ros_workspace/gbplanner_ws/devel/share/common-lisp/ros/champ_msgs/msg/Pose.lisp)
Linked: (/home/donguk/ros_workspace/gbplanner_ws/devel/.private/champ_msgs/share/common-lisp/ros/champ_msgs/msg/_package_PointArray.lisp, /home/donguk/ros_workspace/gbplanner_ws/devel/share/common-lisp/ros/champ_msgs/msg/_package_PointArray.lisp)
Linked: (/home/donguk/ros_workspace/gbplanner_ws/devel/.private/champ_msgs/share/common-lisp/ros/champ_msgs/msg/_package_Joints.lisp, /home/donguk/ros_workspace/gbplanner_ws/devel/share/common-lisp/ros/champ_msgs/msg/_package_Joints.lisp)
