Symlinking /home/donguk/ros_workspace/gbplanner_ws/devel/include/champ_msgs/Joints.h
Symlinking /home/donguk/ros_workspace/gbplanner_ws/devel/include/champ_msgs/PID.h
Symlinking /home/donguk/ros_workspace/gbplanner_ws/devel/include/champ_msgs/PointArray.h
Symlinking /home/donguk/ros_workspace/gbplanner_ws/devel/include/champ_msgs/Contacts.h
Symlinking /home/donguk/ros_workspace/gbplanner_ws/devel/include/champ_msgs/Point.h
Symlinking /home/donguk/ros_workspace/gbplanner_ws/devel/include/champ_msgs/Velocities.h
Symlinking /home/donguk/ros_workspace/gbplanner_ws/devel/include/champ_msgs/ContactsStamped.h
Symlinking /home/donguk/ros_workspace/gbplanner_ws/devel/include/champ_msgs/Pose.h
Symlinking /home/donguk/ros_workspace/gbplanner_ws/devel/include/champ_msgs/Imu.h
Symlinking /home/donguk/ros_workspace/gbplanner_ws/devel/lib/python2.7/dist-packages/champ_msgs/__init__.py
Symlinking /home/donguk/ros_workspace/gbplanner_ws/devel/lib/python2.7/dist-packages/champ_msgs/msg/__init__.py
Symlinking /home/donguk/ros_workspace/gbplanner_ws/devel/lib/python2.7/dist-packages/champ_msgs/msg/_Point.py
Symlinking /home/donguk/ros_workspace/gbplanner_ws/devel/lib/python2.7/dist-packages/champ_msgs/msg/_Contacts.py
Symlinking /home/donguk/ros_workspace/gbplanner_ws/devel/lib/python2.7/dist-packages/champ_msgs/msg/_PointArray.py
Symlinking /home/donguk/ros_workspace/gbplanner_ws/devel/lib/python2.7/dist-packages/champ_msgs/msg/_ContactsStamped.py
Symlinking /home/donguk/ros_workspace/gbplanner_ws/devel/lib/python2.7/dist-packages/champ_msgs/msg/_Pose.py
Symlinking /home/donguk/ros_workspace/gbplanner_ws/devel/lib/python2.7/dist-packages/champ_msgs/msg/_Imu.py
Symlinking /home/donguk/ros_workspace/gbplanner_ws/devel/lib/python2.7/dist-packages/champ_msgs/msg/_PID.py
Symlinking /home/donguk/ros_workspace/gbplanner_ws/devel/lib/python2.7/dist-packages/champ_msgs/msg/_Joints.py
Symlinking /home/donguk/ros_workspace/gbplanner_ws/devel/lib/python2.7/dist-packages/champ_msgs/msg/_Velocities.py
Symlinking /home/donguk/ros_workspace/gbplanner_ws/devel/lib/pkgconfig/champ_msgs.pc
Symlinking /home/donguk/ros_workspace/gbplanner_ws/devel/share/gennodejs/ros/champ_msgs/_index.js
Symlinking /home/donguk/ros_workspace/gbplanner_ws/devel/share/gennodejs/ros/champ_msgs/msg/Contacts.js
Symlinking /home/donguk/ros_workspace/gbplanner_ws/devel/share/gennodejs/ros/champ_msgs/msg/Velocities.js
Symlinking /home/donguk/ros_workspace/gbplanner_ws/devel/share/gennodejs/ros/champ_msgs/msg/Point.js
Symlinking /home/donguk/ros_workspace/gbplanner_ws/devel/share/gennodejs/ros/champ_msgs/msg/ContactsStamped.js
Symlinking /home/donguk/ros_workspace/gbplanner_ws/devel/share/gennodejs/ros/champ_msgs/msg/Pose.js
Symlinking /home/donguk/ros_workspace/gbplanner_ws/devel/share/gennodejs/ros/champ_msgs/msg/PID.js
Symlinking /home/donguk/ros_workspace/gbplanner_ws/devel/share/gennodejs/ros/champ_msgs/msg/_index.js
Symlinking /home/donguk/ros_workspace/gbplanner_ws/devel/share/gennodejs/ros/champ_msgs/msg/PointArray.js
Symlinking /home/donguk/ros_workspace/gbplanner_ws/devel/share/gennodejs/ros/champ_msgs/msg/Imu.js
Symlinking /home/donguk/ros_workspace/gbplanner_ws/devel/share/gennodejs/ros/champ_msgs/msg/Joints.js
Symlinking /home/donguk/ros_workspace/gbplanner_ws/devel/share/champ_msgs/cmake/champ_msgs-msg-extras.cmake
Symlinking /home/donguk/ros_workspace/gbplanner_ws/devel/share/champ_msgs/cmake/champ_msgsConfig.cmake
Symlinking /home/donguk/ros_workspace/gbplanner_ws/devel/share/champ_msgs/cmake/champ_msgsConfig-version.cmake
Symlinking /home/donguk/ros_workspace/gbplanner_ws/devel/share/champ_msgs/cmake/champ_msgs-msg-paths.cmake
Symlinking /home/donguk/ros_workspace/gbplanner_ws/devel/share/roseus/ros/champ_msgs/manifest.l
Symlinking /home/donguk/ros_workspace/gbplanner_ws/devel/share/roseus/ros/champ_msgs/msg/Pose.l
Symlinking /home/donguk/ros_workspace/gbplanner_ws/devel/share/roseus/ros/champ_msgs/msg/Point.l
Symlinking /home/donguk/ros_workspace/gbplanner_ws/devel/share/roseus/ros/champ_msgs/msg/PID.l
Symlinking /home/donguk/ros_workspace/gbplanner_ws/devel/share/roseus/ros/champ_msgs/msg/Contacts.l
Symlinking /home/donguk/ros_workspace/gbplanner_ws/devel/share/roseus/ros/champ_msgs/msg/Joints.l
Symlinking /home/donguk/ros_workspace/gbplanner_ws/devel/share/roseus/ros/champ_msgs/msg/PointArray.l
Symlinking /home/donguk/ros_workspace/gbplanner_ws/devel/share/roseus/ros/champ_msgs/msg/Imu.l
Symlinking /home/donguk/ros_workspace/gbplanner_ws/devel/share/roseus/ros/champ_msgs/msg/Velocities.l
Symlinking /home/donguk/ros_workspace/gbplanner_ws/devel/share/roseus/ros/champ_msgs/msg/ContactsStamped.l
Symlinking /home/donguk/ros_workspace/gbplanner_ws/devel/share/common-lisp/ros/champ_msgs/msg/_package_Point.lisp
Symlinking /home/donguk/ros_workspace/gbplanner_ws/devel/share/common-lisp/ros/champ_msgs/msg/PID.lisp
Symlinking /home/donguk/ros_workspace/gbplanner_ws/devel/share/common-lisp/ros/champ_msgs/msg/_package_ContactsStamped.lisp
Symlinking /home/donguk/ros_workspace/gbplanner_ws/devel/share/common-lisp/ros/champ_msgs/msg/_package_Velocities.lisp
Symlinking /home/donguk/ros_workspace/gbplanner_ws/devel/share/common-lisp/ros/champ_msgs/msg/_package_PID.lisp
Symlinking /home/donguk/ros_workspace/gbplanner_ws/devel/share/common-lisp/ros/champ_msgs/msg/_package.lisp
Symlinking /home/donguk/ros_workspace/gbplanner_ws/devel/share/common-lisp/ros/champ_msgs/msg/Contacts.lisp
Symlinking /home/donguk/ros_workspace/gbplanner_ws/devel/share/common-lisp/ros/champ_msgs/msg/PointArray.lisp
Symlinking /home/donguk/ros_workspace/gbplanner_ws/devel/share/common-lisp/ros/champ_msgs/msg/Velocities.lisp
Symlinking /home/donguk/ros_workspace/gbplanner_ws/devel/share/common-lisp/ros/champ_msgs/msg/Joints.lisp
Symlinking /home/donguk/ros_workspace/gbplanner_ws/devel/share/common-lisp/ros/champ_msgs/msg/_package_Pose.lisp
Symlinking /home/donguk/ros_workspace/gbplanner_ws/devel/share/common-lisp/ros/champ_msgs/msg/ContactsStamped.lisp
Symlinking /home/donguk/ros_workspace/gbplanner_ws/devel/share/common-lisp/ros/champ_msgs/msg/Imu.lisp
Symlinking /home/donguk/ros_workspace/gbplanner_ws/devel/share/common-lisp/ros/champ_msgs/msg/_package_Contacts.lisp
Symlinking /home/donguk/ros_workspace/gbplanner_ws/devel/share/common-lisp/ros/champ_msgs/msg/Point.lisp
Symlinking /home/donguk/ros_workspace/gbplanner_ws/devel/share/common-lisp/ros/champ_msgs/msg/_package_Imu.lisp
Symlinking /home/donguk/ros_workspace/gbplanner_ws/devel/share/common-lisp/ros/champ_msgs/msg/champ_msgs-msg.asd
Symlinking /home/donguk/ros_workspace/gbplanner_ws/devel/share/common-lisp/ros/champ_msgs/msg/Pose.lisp
Symlinking /home/donguk/ros_workspace/gbplanner_ws/devel/share/common-lisp/ros/champ_msgs/msg/_package_PointArray.lisp
Symlinking /home/donguk/ros_workspace/gbplanner_ws/devel/share/common-lisp/ros/champ_msgs/msg/_package_Joints.lisp
