Determining if the pthread_create exist failed with the following output:
Change Dir: /home/donguk/ros_workspace/gbplanner_ws/build/mav_system_msgs/CMakeFiles/CMakeTmp

Run Build Command:"/usr/bin/make" "cmTC_16755/fast"
/usr/bin/make -f CMakeFiles/cmTC_16755.dir/build.make CMakeFiles/cmTC_16755.dir/build
make[1]: Entering directory '/home/donguk/ros_workspace/gbplanner_ws/build/mav_system_msgs/CMakeFiles/CMakeTmp'
Building C object CMakeFiles/cmTC_16755.dir/CheckSymbolExists.c.o
/usr/bin/cc    -o CMakeFiles/cmTC_16755.dir/CheckSymbolExists.c.o   -c /home/donguk/ros_workspace/gbplanner_ws/build/mav_system_msgs/CMakeFiles/CMakeTmp/CheckSymbolExists.c
Linking C executable cmTC_16755
/usr/bin/cmake -E cmake_link_script CMakeFiles/cmTC_16755.dir/link.txt --verbose=1
/usr/bin/cc      -rdynamic CMakeFiles/cmTC_16755.dir/CheckSymbolExists.c.o  -o cmTC_16755 
CMakeFiles/cmTC_16755.dir/CheckSymbolExists.c.o: In function `main':
CheckSymbolExists.c:(.text+0x1b): undefined reference to `pthread_create'
collect2: error: ld returned 1 exit status
CMakeFiles/cmTC_16755.dir/build.make:97: recipe for target 'cmTC_16755' failed
make[1]: *** [cmTC_16755] Error 1
make[1]: Leaving directory '/home/donguk/ros_workspace/gbplanner_ws/build/mav_system_msgs/CMakeFiles/CMakeTmp'
Makefile:126: recipe for target 'cmTC_16755/fast' failed
make: *** [cmTC_16755/fast] Error 2

File /home/donguk/ros_workspace/gbplanner_ws/build/mav_system_msgs/CMakeFiles/CMakeTmp/CheckSymbolExists.c:
/* */
#include <pthread.h>

int main(int argc, char** argv)
{
  (void)argv;
#ifndef pthread_create
  return ((int*)(&pthread_create))[argc];
#else
  (void)argc;
  return 0;
#endif
}

Determining if the function pthread_create exists in the pthreads failed with the following output:
Change Dir: /home/donguk/ros_workspace/gbplanner_ws/build/mav_system_msgs/CMakeFiles/CMakeTmp

Run Build Command:"/usr/bin/make" "cmTC_bd76c/fast"
/usr/bin/make -f CMakeFiles/cmTC_bd76c.dir/build.make CMakeFiles/cmTC_bd76c.dir/build
make[1]: Entering directory '/home/donguk/ros_workspace/gbplanner_ws/build/mav_system_msgs/CMakeFiles/CMakeTmp'
Building C object CMakeFiles/cmTC_bd76c.dir/CheckFunctionExists.c.o
/usr/bin/cc   -DCHECK_FUNCTION_EXISTS=pthread_create   -o CMakeFiles/cmTC_bd76c.dir/CheckFunctionExists.c.o   -c /usr/share/cmake-3.10/Modules/CheckFunctionExists.c
Linking C executable cmTC_bd76c
/usr/bin/cmake -E cmake_link_script CMakeFiles/cmTC_bd76c.dir/link.txt --verbose=1
/usr/bin/cc  -DCHECK_FUNCTION_EXISTS=pthread_create    -rdynamic CMakeFiles/cmTC_bd76c.dir/CheckFunctionExists.c.o  -o cmTC_bd76c -lpthreads 
/usr/bin/ld: cannot find -lpthreads
collect2: error: ld returned 1 exit status
CMakeFiles/cmTC_bd76c.dir/build.make:97: recipe for target 'cmTC_bd76c' failed
make[1]: *** [cmTC_bd76c] Error 1
make[1]: Leaving directory '/home/donguk/ros_workspace/gbplanner_ws/build/mav_system_msgs/CMakeFiles/CMakeTmp'
Makefile:126: recipe for target 'cmTC_bd76c/fast' failed
make: *** [cmTC_bd76c/fast] Error 2


