Determining if the pthread_create exist failed with the following output:
Change Dir: /home/donguk/ros_workspace/gbplanner_ws/build/voxblox_msgs/CMakeFiles/CMakeTmp

Run Build Command:"/usr/bin/make" "cmTC_d0e9a/fast"
/usr/bin/make -f CMakeFiles/cmTC_d0e9a.dir/build.make CMakeFiles/cmTC_d0e9a.dir/build
make[1]: Entering directory '/home/donguk/ros_workspace/gbplanner_ws/build/voxblox_msgs/CMakeFiles/CMakeTmp'
Building C object CMakeFiles/cmTC_d0e9a.dir/CheckSymbolExists.c.o
/usr/bin/cc    -o CMakeFiles/cmTC_d0e9a.dir/CheckSymbolExists.c.o   -c /home/donguk/ros_workspace/gbplanner_ws/build/voxblox_msgs/CMakeFiles/CMakeTmp/CheckSymbolExists.c
Linking C executable cmTC_d0e9a
/usr/bin/cmake -E cmake_link_script CMakeFiles/cmTC_d0e9a.dir/link.txt --verbose=1
/usr/bin/cc      -rdynamic CMakeFiles/cmTC_d0e9a.dir/CheckSymbolExists.c.o  -o cmTC_d0e9a 
CMakeFiles/cmTC_d0e9a.dir/CheckSymbolExists.c.o: In function `main':
CheckSymbolExists.c:(.text+0x1b): undefined reference to `pthread_create'
collect2: error: ld returned 1 exit status
CMakeFiles/cmTC_d0e9a.dir/build.make:97: recipe for target 'cmTC_d0e9a' failed
make[1]: *** [cmTC_d0e9a] Error 1
make[1]: Leaving directory '/home/donguk/ros_workspace/gbplanner_ws/build/voxblox_msgs/CMakeFiles/CMakeTmp'
Makefile:126: recipe for target 'cmTC_d0e9a/fast' failed
make: *** [cmTC_d0e9a/fast] Error 2

File /home/donguk/ros_workspace/gbplanner_ws/build/voxblox_msgs/CMakeFiles/CMakeTmp/CheckSymbolExists.c:
/* */
#include <pthread.h>

int main(int argc, char** argv)
{
  (void)argv;
#ifndef pthread_create
  return ((int*)(&pthread_create))[argc];
#else
  (void)argc;
  return 0;
#endif
}

Determining if the function pthread_create exists in the pthreads failed with the following output:
Change Dir: /home/donguk/ros_workspace/gbplanner_ws/build/voxblox_msgs/CMakeFiles/CMakeTmp

Run Build Command:"/usr/bin/make" "cmTC_ef988/fast"
/usr/bin/make -f CMakeFiles/cmTC_ef988.dir/build.make CMakeFiles/cmTC_ef988.dir/build
make[1]: Entering directory '/home/donguk/ros_workspace/gbplanner_ws/build/voxblox_msgs/CMakeFiles/CMakeTmp'
Building C object CMakeFiles/cmTC_ef988.dir/CheckFunctionExists.c.o
/usr/bin/cc   -DCHECK_FUNCTION_EXISTS=pthread_create   -o CMakeFiles/cmTC_ef988.dir/CheckFunctionExists.c.o   -c /usr/share/cmake-3.10/Modules/CheckFunctionExists.c
Linking C executable cmTC_ef988
/usr/bin/cmake -E cmake_link_script CMakeFiles/cmTC_ef988.dir/link.txt --verbose=1
/usr/bin/cc  -DCHECK_FUNCTION_EXISTS=pthread_create    -rdynamic CMakeFiles/cmTC_ef988.dir/CheckFunctionExists.c.o  -o cmTC_ef988 -lpthreads 
/usr/bin/ld: cannot find -lpthreads
collect2: error: ld returned 1 exit status
CMakeFiles/cmTC_ef988.dir/build.make:97: recipe for target 'cmTC_ef988' failed
make[1]: *** [cmTC_ef988] Error 1
make[1]: Leaving directory '/home/donguk/ros_workspace/gbplanner_ws/build/voxblox_msgs/CMakeFiles/CMakeTmp'
Makefile:126: recipe for target 'cmTC_ef988/fast' failed
make: *** [cmTC_ef988/fast] Error 2


