Determining if the pthread_create exist failed with the following output:
Change Dir: /home/donguk/ros_workspace/gbplanner_ws/build/kdtree/CMakeFiles/CMakeTmp

Run Build Command:"/usr/bin/make" "cmTC_69a5d/fast"
/usr/bin/make -f CMakeFiles/cmTC_69a5d.dir/build.make CMakeFiles/cmTC_69a5d.dir/build
make[1]: Entering directory '/home/donguk/ros_workspace/gbplanner_ws/build/kdtree/CMakeFiles/CMakeTmp'
Building C object CMakeFiles/cmTC_69a5d.dir/CheckSymbolExists.c.o
/usr/bin/cc    -o CMakeFiles/cmTC_69a5d.dir/CheckSymbolExists.c.o   -c /home/donguk/ros_workspace/gbplanner_ws/build/kdtree/CMakeFiles/CMakeTmp/CheckSymbolExists.c
Linking C executable cmTC_69a5d
/usr/bin/cmake -E cmake_link_script CMakeFiles/cmTC_69a5d.dir/link.txt --verbose=1
/usr/bin/cc      -rdynamic CMakeFiles/cmTC_69a5d.dir/CheckSymbolExists.c.o  -o cmTC_69a5d 
CMakeFiles/cmTC_69a5d.dir/CheckSymbolExists.c.o: In function `main':
CheckSymbolExists.c:(.text+0x1b): undefined reference to `pthread_create'
collect2: error: ld returned 1 exit status
CMakeFiles/cmTC_69a5d.dir/build.make:97: recipe for target 'cmTC_69a5d' failed
make[1]: *** [cmTC_69a5d] Error 1
make[1]: Leaving directory '/home/donguk/ros_workspace/gbplanner_ws/build/kdtree/CMakeFiles/CMakeTmp'
Makefile:126: recipe for target 'cmTC_69a5d/fast' failed
make: *** [cmTC_69a5d/fast] Error 2

File /home/donguk/ros_workspace/gbplanner_ws/build/kdtree/CMakeFiles/CMakeTmp/CheckSymbolExists.c:
/* */
#include <pthread.h>

int main(int argc, char** argv)
{
  (void)argv;
#ifndef pthread_create
  return ((int*)(&pthread_create))[argc];
#else
  (void)argc;
  return 0;
#endif
}

Determining if the function pthread_create exists in the pthreads failed with the following output:
Change Dir: /home/donguk/ros_workspace/gbplanner_ws/build/kdtree/CMakeFiles/CMakeTmp

Run Build Command:"/usr/bin/make" "cmTC_bc40d/fast"
/usr/bin/make -f CMakeFiles/cmTC_bc40d.dir/build.make CMakeFiles/cmTC_bc40d.dir/build
make[1]: Entering directory '/home/donguk/ros_workspace/gbplanner_ws/build/kdtree/CMakeFiles/CMakeTmp'
Building C object CMakeFiles/cmTC_bc40d.dir/CheckFunctionExists.c.o
/usr/bin/cc   -DCHECK_FUNCTION_EXISTS=pthread_create   -o CMakeFiles/cmTC_bc40d.dir/CheckFunctionExists.c.o   -c /usr/share/cmake-3.10/Modules/CheckFunctionExists.c
Linking C executable cmTC_bc40d
/usr/bin/cmake -E cmake_link_script CMakeFiles/cmTC_bc40d.dir/link.txt --verbose=1
/usr/bin/cc  -DCHECK_FUNCTION_EXISTS=pthread_create    -rdynamic CMakeFiles/cmTC_bc40d.dir/CheckFunctionExists.c.o  -o cmTC_bc40d -lpthreads 
/usr/bin/ld: cannot find -lpthreads
collect2: error: ld returned 1 exit status
CMakeFiles/cmTC_bc40d.dir/build.make:97: recipe for target 'cmTC_bc40d' failed
make[1]: *** [cmTC_bc40d] Error 1
make[1]: Leaving directory '/home/donguk/ros_workspace/gbplanner_ws/build/kdtree/CMakeFiles/CMakeTmp'
Makefile:126: recipe for target 'cmTC_bc40d/fast' failed
make: *** [cmTC_bc40d/fast] Error 2


