Determining if the pthread_create exist failed with the following output:
Change Dir: /home/donguk/ros_workspace/gbplanner_ws/build/mav_state_machine_msgs/CMakeFiles/CMakeTmp

Run Build Command:"/usr/bin/make" "cmTC_fbb9a/fast"
/usr/bin/make -f CMakeFiles/cmTC_fbb9a.dir/build.make CMakeFiles/cmTC_fbb9a.dir/build
make[1]: Entering directory '/home/donguk/ros_workspace/gbplanner_ws/build/mav_state_machine_msgs/CMakeFiles/CMakeTmp'
Building C object CMakeFiles/cmTC_fbb9a.dir/CheckSymbolExists.c.o
/usr/bin/cc    -o CMakeFiles/cmTC_fbb9a.dir/CheckSymbolExists.c.o   -c /home/donguk/ros_workspace/gbplanner_ws/build/mav_state_machine_msgs/CMakeFiles/CMakeTmp/CheckSymbolExists.c
Linking C executable cmTC_fbb9a
/usr/bin/cmake -E cmake_link_script CMakeFiles/cmTC_fbb9a.dir/link.txt --verbose=1
/usr/bin/cc      -rdynamic CMakeFiles/cmTC_fbb9a.dir/CheckSymbolExists.c.o  -o cmTC_fbb9a 
CMakeFiles/cmTC_fbb9a.dir/CheckSymbolExists.c.o: In function `main':
CheckSymbolExists.c:(.text+0x1b): undefined reference to `pthread_create'
collect2: error: ld returned 1 exit status
CMakeFiles/cmTC_fbb9a.dir/build.make:97: recipe for target 'cmTC_fbb9a' failed
make[1]: *** [cmTC_fbb9a] Error 1
make[1]: Leaving directory '/home/donguk/ros_workspace/gbplanner_ws/build/mav_state_machine_msgs/CMakeFiles/CMakeTmp'
Makefile:126: recipe for target 'cmTC_fbb9a/fast' failed
make: *** [cmTC_fbb9a/fast] Error 2

File /home/donguk/ros_workspace/gbplanner_ws/build/mav_state_machine_msgs/CMakeFiles/CMakeTmp/CheckSymbolExists.c:
/* */
#include <pthread.h>

int main(int argc, char** argv)
{
  (void)argv;
#ifndef pthread_create
  return ((int*)(&pthread_create))[argc];
#else
  (void)argc;
  return 0;
#endif
}

Determining if the function pthread_create exists in the pthreads failed with the following output:
Change Dir: /home/donguk/ros_workspace/gbplanner_ws/build/mav_state_machine_msgs/CMakeFiles/CMakeTmp

Run Build Command:"/usr/bin/make" "cmTC_2e182/fast"
/usr/bin/make -f CMakeFiles/cmTC_2e182.dir/build.make CMakeFiles/cmTC_2e182.dir/build
make[1]: Entering directory '/home/donguk/ros_workspace/gbplanner_ws/build/mav_state_machine_msgs/CMakeFiles/CMakeTmp'
Building C object CMakeFiles/cmTC_2e182.dir/CheckFunctionExists.c.o
/usr/bin/cc   -DCHECK_FUNCTION_EXISTS=pthread_create   -o CMakeFiles/cmTC_2e182.dir/CheckFunctionExists.c.o   -c /usr/share/cmake-3.10/Modules/CheckFunctionExists.c
Linking C executable cmTC_2e182
/usr/bin/cmake -E cmake_link_script CMakeFiles/cmTC_2e182.dir/link.txt --verbose=1
/usr/bin/cc  -DCHECK_FUNCTION_EXISTS=pthread_create    -rdynamic CMakeFiles/cmTC_2e182.dir/CheckFunctionExists.c.o  -o cmTC_2e182 -lpthreads 
/usr/bin/ld: cannot find -lpthreads
collect2: error: ld returned 1 exit status
CMakeFiles/cmTC_2e182.dir/build.make:97: recipe for target 'cmTC_2e182' failed
make[1]: *** [cmTC_2e182] Error 1
make[1]: Leaving directory '/home/donguk/ros_workspace/gbplanner_ws/build/mav_state_machine_msgs/CMakeFiles/CMakeTmp'
Makefile:126: recipe for target 'cmTC_2e182/fast' failed
make: *** [cmTC_2e182/fast] Error 2


