Not searching for unused variables given on the command line.
[36m--[0m Using CATKIN_DEVEL_PREFIX: /home/donguk/ros_workspace/gbplanner_ws/devel/.private/protobuf_catkin
[36m--[0m Using CMAKE_PREFIX_PATH: /home/donguk/ros_workspace/gbplanner_ws/devel;/home/donguk/ros_workspace/catkin_ws/devel;/opt/ros/melodic
[36m--[0m This workspace overlays: /home/donguk/ros_workspace/gbplanner_ws/devel;/home/donguk/ros_workspace/catkin_ws/devel;/opt/ros/melodic
[36m--[0m Found PythonInterp: /usr/bin/python2 (found suitable version "2.7.17", minimum required is "2")
[36m--[0m Using PYTHON_EXECUTABLE: /usr/bin/python2
[36m--[0m Using Debian Python package layout
[36m--[0m Using empy: /usr/bin/empy
[36m--[0m Using CATKIN_ENABLE_TESTING: ON
[36m--[0m Call enable_testing()
[36m--[0m Using CATKIN_TEST_RESULTS_DIR: /home/donguk/ros_workspace/gbplanner_ws/build/protobuf_catkin/test_results
[36m--[0m Found gtest sources under '/usr/src/googletest': gtests will be built
[36m--[0m Found gmock sources under '/usr/src/googletest': gmock will be built
[36m--[0m Found PythonInterp: /usr/bin/python2 (found version "2.7.17")
[36m--[0m Using Python nosetests: /usr/local/bin/nosetests-2.7
[36m--[0m catkin 0.7.29
[36m--[0m BUILD_SHARED_LIBS is on
[36m--[0m Found protoc at: /opt/ros/melodic/lib/grpc/protobuf/protoc
[36m--[0m Found grpc_cpp_plugin at: /opt/ros/melodic/lib/grpc/grpc_cpp_plugin
[36m--[0m Found grpc_python_plugin at: /opt/ros/melodic/lib/grpc/grpc_python_plugin
[36m--[0m Found protobuf libraries: /opt/ros/melodic/lib/protobuf/libprotobuf.a;/opt/ros/melodic/lib/libz.a
[36m--[0m Found grpc libraries: /opt/ros/melodic/lib/libares.a;/opt/ros/melodic/lib/libboringssl.a;/opt/ros/melodic/lib/libgpr.so;/opt/ros/melodic/lib/libgrpc.so;/opt/ros/melodic/lib/libgrpc++.so;/opt/ros/melodic/lib/libgrpc_cronet.so;/opt/ros/melodic/lib/libgrpc++_cronet.so;/opt/ros/melodic/lib/libgrpc++_core_stats.a;/opt/ros/melodic/lib/libgrpc++_error_details.so;/opt/ros/melodic/lib/libgrpc_plugin_support.a;/opt/ros/melodic/lib/libgrpc++_reflection.so;/opt/ros/melodic/lib/libgrpc_unsecure.so;/opt/ros/melodic/lib/libgrpc++_unsecure.so
[33m[1mCMake Warning[0m at /usr/share/cmake-3.10/Modules/FindProtobuf.cmake:455 (message):
  Protobuf compiler version doesn't match library version 3.0.0
[36mCall Stack (most recent call first):[0m
  CMakeLists.txt:20 (find_package)


[36m--[0m Found a suitable version of system protobuf: 3.0.0
[36m--[0m Using system protobuf.
[33m[1mCMake Warning[0m at /usr/share/cmake-3.10/Modules/FindProtobuf.cmake:455 (message):
  Protobuf compiler version doesn't match library version 3.0.0
[36mCall Stack (most recent call first):[0m
  CMakeLists.txt:43 (find_package)


[36m--[0m Configuring done
[36m--[0m Generating done
[36m--[0m Build files have been written to: /home/donguk/ros_workspace/gbplanner_ws/build/protobuf_catkin
