[  3%] [34m[1mRunning C++ protocol buffer compiler on proto/voxblox/Layer.proto.[0m
[  6%] [34m[1mRunning C++ protocol buffer compiler on proto/voxblox/Block.proto.[0m
[35m[1mScanning dependencies of target voxblox_proto[0m
[  6%] [34m[1mRunning C++ protocol buffer compiler on proto/voxblox/Block.proto.[0m
[  6%] [34m[1mRunning C++ protocol buffer compiler on proto/voxblox/Layer.proto.[0m
[  9%] [32mBuilding CXX object CMakeFiles/voxblox_proto.dir/compiled_proto/voxblox/Block.pb.cc.o[0m
[01m[K/home/donguk/ros_workspace/gbplanner_ws/build/voxblox/compiled_proto/voxblox/Block.pb.cc:[m[K In member function ‘[01m[Kvirtual google::protobuf::uint8* voxblox::BlockProto::InternalSerializeWithCachedSizesToArray(bool, google::protobuf::uint8*) const[m[K’:
[01m[K/home/donguk/ros_workspace/gbplanner_ws/build/voxblox/compiled_proto/voxblox/Block.pb.cc:404:10:[m[K [01;35m[Kwarning: [m[Kunused parameter ‘[01m[Kdeterministic[m[K’ [[01;35m[K-Wunused-parameter[m[K]
     bool [01;35m[Kdeterministic[m[K, ::google::protobuf::uint8* target) const {
          [01;35m[K^~~~~~~~~~~~~[m[K
[ 12%] [32mBuilding CXX object CMakeFiles/voxblox_proto.dir/compiled_proto/voxblox/Layer.pb.cc.o[0m
[01m[K/home/donguk/ros_workspace/gbplanner_ws/build/voxblox/compiled_proto/voxblox/Layer.pb.cc:[m[K In member function ‘[01m[Kvirtual google::protobuf::uint8* voxblox::LayerProto::InternalSerializeWithCachedSizesToArray(bool, google::protobuf::uint8*) const[m[K’:
[01m[K/home/donguk/ros_workspace/gbplanner_ws/build/voxblox/compiled_proto/voxblox/Layer.pb.cc:298:10:[m[K [01;35m[Kwarning: [m[Kunused parameter ‘[01m[Kdeterministic[m[K’ [[01;35m[K-Wunused-parameter[m[K]
     bool [01;35m[Kdeterministic[m[K, ::google::protobuf::uint8* target) const {
          [01;35m[K^~~~~~~~~~~~~[m[K
[ 15%] [32m[1mLinking CXX shared library /home/donguk/ros_workspace/gbplanner_ws/devel/.private/voxblox/lib/libvoxblox_proto.so[0m
[ 15%] Built target voxblox_proto
[35m[1mScanning dependencies of target create_empty_init[0m
[ 18%] [34m[1mCreated empty __init__.py.[0m
[ 18%] Built target create_empty_init
[35m[1mScanning dependencies of target voxblox[0m
[ 21%] [32mBuilding CXX object CMakeFiles/voxblox.dir/src/alignment/icp.cc.o[0m
[ 25%] [32mBuilding CXX object CMakeFiles/voxblox.dir/src/core/block.cc.o[0m
[ 28%] [32mBuilding CXX object CMakeFiles/voxblox.dir/src/core/esdf_map.cc.o[0m
[ 31%] [32mBuilding CXX object CMakeFiles/voxblox.dir/src/core/tsdf_map.cc.o[0m
[ 34%] [32mBuilding CXX object CMakeFiles/voxblox.dir/src/integrator/esdf_integrator.cc.o[0m
[ 37%] [32mBuilding CXX object CMakeFiles/voxblox.dir/src/integrator/esdf_occ_integrator.cc.o[0m
[ 40%] [32mBuilding CXX object CMakeFiles/voxblox.dir/src/integrator/integrator_utils.cc.o[0m
[ 43%] [32mBuilding CXX object CMakeFiles/voxblox.dir/src/integrator/intensity_integrator.cc.o[0m
[ 46%] [32mBuilding CXX object CMakeFiles/voxblox.dir/src/integrator/tsdf_integrator.cc.o[0m
[ 50%] [32mBuilding CXX object CMakeFiles/voxblox.dir/src/io/mesh_ply.cc.o[0m
[ 53%] [32mBuilding CXX object CMakeFiles/voxblox.dir/src/io/sdf_ply.cc.o[0m
[ 56%] [32mBuilding CXX object CMakeFiles/voxblox.dir/src/mesh/marching_cubes.cc.o[0m
[ 59%] [32mBuilding CXX object CMakeFiles/voxblox.dir/src/simulation/objects.cc.o[0m
[ 62%] [32mBuilding CXX object CMakeFiles/voxblox.dir/src/simulation/simulation_world.cc.o[0m
[ 65%] [32mBuilding CXX object CMakeFiles/voxblox.dir/src/utils/camera_model.cc.o[0m
[ 68%] [32mBuilding CXX object CMakeFiles/voxblox.dir/src/utils/evaluation_utils.cc.o[0m
[ 71%] [32mBuilding CXX object CMakeFiles/voxblox.dir/src/utils/layer_utils.cc.o[0m
[ 75%] [32mBuilding CXX object CMakeFiles/voxblox.dir/src/utils/neighbor_tools.cc.o[0m
[ 78%] [32mBuilding CXX object CMakeFiles/voxblox.dir/src/utils/protobuf_utils.cc.o[0m
[ 81%] [32mBuilding CXX object CMakeFiles/voxblox.dir/src/utils/timing.cc.o[0m
[ 84%] [32mBuilding CXX object CMakeFiles/voxblox.dir/src/utils/voxel_utils.cc.o[0m
[ 87%] [32m[1mLinking CXX shared library /home/donguk/ros_workspace/gbplanner_ws/devel/.private/voxblox/lib/libvoxblox.so[0m
[ 87%] Built target voxblox
[35m[1mScanning dependencies of target test_load_esdf[0m
[ 90%] [32mBuilding CXX object CMakeFiles/test_load_esdf.dir/test/test_load_esdf.cc.o[0m
[ 93%] [32m[1mLinking CXX executable /home/donguk/ros_workspace/gbplanner_ws/devel/.private/voxblox/lib/voxblox/test_load_esdf[0m
[ 93%] Built target test_load_esdf
[35m[1mScanning dependencies of target tsdf_to_esdf[0m
[ 96%] [32mBuilding CXX object CMakeFiles/tsdf_to_esdf.dir/test/tsdf_to_esdf.cc.o[0m
[100%] [32m[1mLinking CXX executable /home/donguk/ros_workspace/gbplanner_ws/devel/.private/voxblox/lib/voxblox/tsdf_to_esdf[0m
[100%] Built target tsdf_to_esdf
