Determining if the pthread_create exist failed with the following output:
Change Dir: /home/donguk/ros_workspace/gbplanner_ws/build/gbplanner_ui/CMakeFiles/CMakeTmp

Run Build Command:"/usr/bin/make" "cmTC_03fa0/fast"
/usr/bin/make -f CMakeFiles/cmTC_03fa0.dir/build.make CMakeFiles/cmTC_03fa0.dir/build
make[1]: Entering directory '/home/donguk/ros_workspace/gbplanner_ws/build/gbplanner_ui/CMakeFiles/CMakeTmp'
Building C object CMakeFiles/cmTC_03fa0.dir/CheckSymbolExists.c.o
/usr/bin/cc    -o CMakeFiles/cmTC_03fa0.dir/CheckSymbolExists.c.o   -c /home/donguk/ros_workspace/gbplanner_ws/build/gbplanner_ui/CMakeFiles/CMakeTmp/CheckSymbolExists.c
Linking C executable cmTC_03fa0
/usr/bin/cmake -E cmake_link_script CMakeFiles/cmTC_03fa0.dir/link.txt --verbose=1
/usr/bin/cc      -rdynamic CMakeFiles/cmTC_03fa0.dir/CheckSymbolExists.c.o  -o cmTC_03fa0 
CMakeFiles/cmTC_03fa0.dir/CheckSymbolExists.c.o: In function `main':
CheckSymbolExists.c:(.text+0x1b): undefined reference to `pthread_create'
collect2: error: ld returned 1 exit status
CMakeFiles/cmTC_03fa0.dir/build.make:97: recipe for target 'cmTC_03fa0' failed
make[1]: *** [cmTC_03fa0] Error 1
make[1]: Leaving directory '/home/donguk/ros_workspace/gbplanner_ws/build/gbplanner_ui/CMakeFiles/CMakeTmp'
Makefile:126: recipe for target 'cmTC_03fa0/fast' failed
make: *** [cmTC_03fa0/fast] Error 2

File /home/donguk/ros_workspace/gbplanner_ws/build/gbplanner_ui/CMakeFiles/CMakeTmp/CheckSymbolExists.c:
/* */
#include <pthread.h>

int main(int argc, char** argv)
{
  (void)argv;
#ifndef pthread_create
  return ((int*)(&pthread_create))[argc];
#else
  (void)argc;
  return 0;
#endif
}

Determining if the function pthread_create exists in the pthreads failed with the following output:
Change Dir: /home/donguk/ros_workspace/gbplanner_ws/build/gbplanner_ui/CMakeFiles/CMakeTmp

Run Build Command:"/usr/bin/make" "cmTC_d18bc/fast"
/usr/bin/make -f CMakeFiles/cmTC_d18bc.dir/build.make CMakeFiles/cmTC_d18bc.dir/build
make[1]: Entering directory '/home/donguk/ros_workspace/gbplanner_ws/build/gbplanner_ui/CMakeFiles/CMakeTmp'
Building C object CMakeFiles/cmTC_d18bc.dir/CheckFunctionExists.c.o
/usr/bin/cc   -DCHECK_FUNCTION_EXISTS=pthread_create   -o CMakeFiles/cmTC_d18bc.dir/CheckFunctionExists.c.o   -c /usr/share/cmake-3.10/Modules/CheckFunctionExists.c
Linking C executable cmTC_d18bc
/usr/bin/cmake -E cmake_link_script CMakeFiles/cmTC_d18bc.dir/link.txt --verbose=1
/usr/bin/cc  -DCHECK_FUNCTION_EXISTS=pthread_create    -rdynamic CMakeFiles/cmTC_d18bc.dir/CheckFunctionExists.c.o  -o cmTC_d18bc -lpthreads 
/usr/bin/ld: cannot find -lpthreads
collect2: error: ld returned 1 exit status
CMakeFiles/cmTC_d18bc.dir/build.make:97: recipe for target 'cmTC_d18bc' failed
make[1]: *** [cmTC_d18bc] Error 1
make[1]: Leaving directory '/home/donguk/ros_workspace/gbplanner_ws/build/gbplanner_ui/CMakeFiles/CMakeTmp'
Makefile:126: recipe for target 'cmTC_d18bc/fast' failed
make: *** [cmTC_d18bc/fast] Error 2


