Not searching for unused variables given on the command line.
[36m--[0m Using CATKIN_DEVEL_PREFIX: /home/donguk/ros_workspace/gbplanner_ws/devel/.private/voxblox_ros
[36m--[0m Using CMAKE_PREFIX_PATH: /home/donguk/ros_workspace/gbplanner_ws/devel;/home/donguk/ros_workspace/catkin_ws/devel;/opt/ros/melodic
[36m--[0m This workspace overlays: /home/donguk/ros_workspace/gbplanner_ws/devel;/home/donguk/ros_workspace/catkin_ws/devel;/opt/ros/melodic
[36m--[0m Found PythonInterp: /usr/bin/python2 (found suitable version "2.7.17", minimum required is "2")
[36m--[0m Using PYTHON_EXECUTABLE: /usr/bin/python2
[36m--[0m Using Debian Python package layout
[36m--[0m Using empy: /usr/bin/empy
[36m--[0m Using CATKIN_ENABLE_TESTING: ON
[36m--[0m Call enable_testing()
[36m--[0m Using CATKIN_TEST_RESULTS_DIR: /home/donguk/ros_workspace/gbplanner_ws/build/voxblox_ros/test_results
[36m--[0m Found gtest sources under '/usr/src/googletest': gtests will be built
[36m--[0m Found gmock sources under '/usr/src/googletest': gmock will be built
[36m--[0m Found PythonInterp: /usr/bin/python2 (found version "2.7.17")
[36m--[0m Using Python nosetests: /usr/local/bin/nosetests-2.7
[36m--[0m catkin 0.7.29
[36m--[0m BUILD_SHARED_LIBS is on
[36m--[0m Using these message generators: gencpp;geneus;genlisp;gennodejs;genpy
[36m--[0m Preferred Protoc Executable:
[36m--[0m Marking SHARED_LIBRARY "voxblox_ros" of package "voxblox_ros" for installation
[36m--[0m Marking EXECUTABLE "voxblox_eval" of package "voxblox_ros" for installation
[36m--[0m Marking EXECUTABLE "tsdf_server" of package "voxblox_ros" for installation
[36m--[0m Marking EXECUTABLE "esdf_server" of package "voxblox_ros" for installation
[36m--[0m Marking EXECUTABLE "intensity_server" of package "voxblox_ros" for installation
[36m--[0m Marking EXECUTABLE "simulation_eval" of package "voxblox_ros" for installation
[36m--[0m Marking EXECUTABLE "visualize_tsdf" of package "voxblox_ros" for installation
[36m--[0m Marking HEADER FILES in "include" folder of package "voxblox_ros" for installation
[36m--[0m Marking SHARED CONTENT FOLDER "launch" of package "voxblox_ros" for installation
[36m--[0m Configuring done
[36m--[0m Generating done
[36m--[0m Build files have been written to: /home/donguk/ros_workspace/gbplanner_ws/build/voxblox_ros
