Determining if the pthread_create exist failed with the following output:
Change Dir: /home/donguk/ros_workspace/gbplanner_ws/build/volumetric_map_base/CMakeFiles/CMakeTmp

Run Build Command:"/usr/bin/make" "cmTC_c07bc/fast"
/usr/bin/make -f CMakeFiles/cmTC_c07bc.dir/build.make CMakeFiles/cmTC_c07bc.dir/build
make[1]: Entering directory '/home/donguk/ros_workspace/gbplanner_ws/build/volumetric_map_base/CMakeFiles/CMakeTmp'
Building C object CMakeFiles/cmTC_c07bc.dir/CheckSymbolExists.c.o
/usr/bin/cc    -o CMakeFiles/cmTC_c07bc.dir/CheckSymbolExists.c.o   -c /home/donguk/ros_workspace/gbplanner_ws/build/volumetric_map_base/CMakeFiles/CMakeTmp/CheckSymbolExists.c
Linking C executable cmTC_c07bc
/usr/bin/cmake -E cmake_link_script CMakeFiles/cmTC_c07bc.dir/link.txt --verbose=1
/usr/bin/cc      -rdynamic CMakeFiles/cmTC_c07bc.dir/CheckSymbolExists.c.o  -o cmTC_c07bc 
CMakeFiles/cmTC_c07bc.dir/CheckSymbolExists.c.o: In function `main':
CheckSymbolExists.c:(.text+0x1b): undefined reference to `pthread_create'
collect2: error: ld returned 1 exit status
CMakeFiles/cmTC_c07bc.dir/build.make:97: recipe for target 'cmTC_c07bc' failed
make[1]: *** [cmTC_c07bc] Error 1
make[1]: Leaving directory '/home/donguk/ros_workspace/gbplanner_ws/build/volumetric_map_base/CMakeFiles/CMakeTmp'
Makefile:126: recipe for target 'cmTC_c07bc/fast' failed
make: *** [cmTC_c07bc/fast] Error 2

File /home/donguk/ros_workspace/gbplanner_ws/build/volumetric_map_base/CMakeFiles/CMakeTmp/CheckSymbolExists.c:
/* */
#include <pthread.h>

int main(int argc, char** argv)
{
  (void)argv;
#ifndef pthread_create
  return ((int*)(&pthread_create))[argc];
#else
  (void)argc;
  return 0;
#endif
}

Determining if the function pthread_create exists in the pthreads failed with the following output:
Change Dir: /home/donguk/ros_workspace/gbplanner_ws/build/volumetric_map_base/CMakeFiles/CMakeTmp

Run Build Command:"/usr/bin/make" "cmTC_e3af4/fast"
/usr/bin/make -f CMakeFiles/cmTC_e3af4.dir/build.make CMakeFiles/cmTC_e3af4.dir/build
make[1]: Entering directory '/home/donguk/ros_workspace/gbplanner_ws/build/volumetric_map_base/CMakeFiles/CMakeTmp'
Building C object CMakeFiles/cmTC_e3af4.dir/CheckFunctionExists.c.o
/usr/bin/cc   -DCHECK_FUNCTION_EXISTS=pthread_create   -o CMakeFiles/cmTC_e3af4.dir/CheckFunctionExists.c.o   -c /usr/share/cmake-3.10/Modules/CheckFunctionExists.c
Linking C executable cmTC_e3af4
/usr/bin/cmake -E cmake_link_script CMakeFiles/cmTC_e3af4.dir/link.txt --verbose=1
/usr/bin/cc  -DCHECK_FUNCTION_EXISTS=pthread_create    -rdynamic CMakeFiles/cmTC_e3af4.dir/CheckFunctionExists.c.o  -o cmTC_e3af4 -lpthreads 
/usr/bin/ld: cannot find -lpthreads
collect2: error: ld returned 1 exit status
CMakeFiles/cmTC_e3af4.dir/build.make:97: recipe for target 'cmTC_e3af4' failed
make[1]: *** [cmTC_e3af4] Error 1
make[1]: Leaving directory '/home/donguk/ros_workspace/gbplanner_ws/build/volumetric_map_base/CMakeFiles/CMakeTmp'
Makefile:126: recipe for target 'cmTC_e3af4/fast' failed
make: *** [cmTC_e3af4/fast] Error 2


